[0.532s] DEBUG:colcon:Command line arguments: ['/usr/bin/colcon', 'build']
[0.532s] DEBUG:colcon:Parsed command line arguments: Namespace(ament_cmake_args=None, base_paths=['.'], build_base='build', catkin_cmake_args=None, catkin_skip_building_tests=False, cmake_args=None, cmake_clean_cache=False, cmake_clean_first=False, cmake_force_configure=False, cmake_target=None, cmake_target_skip_unavailable=False, continue_on_error=False, event_handlers=None, executor='parallel', ignore_user_meta=False, install_base='install', log_base=None, log_level=None, main=<bound method BuildVerb.main of <colcon_core.verb.build.BuildVerb object at 0x7f514265d190>>, merge_install=False, metas=['./colcon.meta'], mixin=None, mixin_files=None, mixin_verb=('build',), packages_above=None, packages_above_and_dependencies=None, packages_above_depth=None, packages_end=None, packages_ignore=None, packages_ignore_regex=None, packages_select=None, packages_select_build_failed=False, packages_select_by_dep=None, packages_select_regex=None, packages_select_test_failures=False, packages_skip=None, packages_skip_build_finished=False, packages_skip_by_dep=None, packages_skip_regex=None, packages_skip_test_passed=False, packages_skip_up_to=None, packages_start=None, packages_up_to=None, packages_up_to_regex=None, parallel_workers=12, paths=None, symlink_install=False, test_result_base=None, verb_extension=<colcon_core.verb.build.BuildVerb object at 0x7f514265d190>, verb_name='build', verb_parser=<colcon_mixin.mixin.mixin_argument.MixinArgumentDecorator object at 0x7f514265d7f0>)
[0.599s] Level 1:colcon.colcon_core.package_discovery:discover_packages(colcon_meta) check parameters
[0.601s] INFO:colcon.colcon_metadata.package_discovery.colcon_meta:Using configuration from '/root/.colcon/metadata/default/Gazebo.meta'
[0.602s] INFO:colcon.colcon_metadata.package_discovery.colcon_meta:Using configuration from '/root/.colcon/metadata/default/fastrtps.meta'
[0.602s] Level 1:colcon.colcon_core.package_discovery:discover_packages(recursive) check parameters
[0.602s] Level 1:colcon.colcon_core.package_discovery:discover_packages(ignore) check parameters
[0.602s] Level 1:colcon.colcon_core.package_discovery:discover_packages(path) check parameters
[0.602s] Level 1:colcon.colcon_core.package_discovery:discover_packages(colcon_meta) discover
[0.602s] Level 1:colcon.colcon_core.package_discovery:discover_packages(recursive) discover
[0.602s] INFO:colcon.colcon_core.package_discovery:Crawling recursively for packages in '/root/ros2_ws/src'
[0.602s] Level 1:colcon.colcon_core.package_identification:_identify(.) by extensions ['ignore', 'ignore_ament_install']
[0.603s] Level 1:colcon.colcon_core.package_identification:_identify(.) by extension 'ignore'
[0.603s] Level 1:colcon.colcon_core.package_identification:_identify(.) by extension 'ignore_ament_install'
[0.603s] Level 1:colcon.colcon_core.package_identification:_identify(.) by extensions ['colcon_pkg']
[0.603s] Level 1:colcon.colcon_core.package_identification:_identify(.) by extension 'colcon_pkg'
[0.603s] Level 1:colcon.colcon_core.package_identification:_identify(.) by extensions ['colcon_meta']
[0.603s] Level 1:colcon.colcon_core.package_identification:_identify(.) by extension 'colcon_meta'
[0.603s] Level 1:colcon.colcon_core.package_identification:_identify(.) by extensions ['ros']
[0.603s] Level 1:colcon.colcon_core.package_identification:_identify(.) by extension 'ros'
[0.631s] Level 1:colcon.colcon_core.package_identification:_identify(.) by extensions ['cmake', 'python']
[0.631s] Level 1:colcon.colcon_core.package_identification:_identify(.) by extension 'cmake'
[0.632s] Level 1:colcon.colcon_core.package_identification:_identify(.) by extension 'python'
[0.632s] Level 1:colcon.colcon_core.package_identification:_identify(.) by extensions ['python_setup_py']
[0.632s] Level 1:colcon.colcon_core.package_identification:_identify(.) by extension 'python_setup_py'
[0.632s] Level 1:colcon.colcon_core.package_identification:_identify(build) by extensions ['ignore', 'ignore_ament_install']
[0.632s] Level 1:colcon.colcon_core.package_identification:_identify(build) by extension 'ignore'
[0.632s] Level 1:colcon.colcon_core.package_identification:_identify(build) ignored
[0.633s] Level 1:colcon.colcon_core.package_identification:_identify(install) by extensions ['ignore', 'ignore_ament_install']
[0.633s] Level 1:colcon.colcon_core.package_identification:_identify(install) by extension 'ignore'
[0.633s] Level 1:colcon.colcon_core.package_identification:_identify(install) ignored
[0.633s] Level 1:colcon.colcon_core.package_identification:_identify(log) by extensions ['ignore', 'ignore_ament_install']
[0.634s] Level 1:colcon.colcon_core.package_identification:_identify(log) by extension 'ignore'
[0.634s] Level 1:colcon.colcon_core.package_identification:_identify(log) ignored
[0.636s] Level 1:colcon.colcon_core.package_identification:_identify(my_turtle_bot) by extensions ['ignore', 'ignore_ament_install']
[0.636s] Level 1:colcon.colcon_core.package_identification:_identify(my_turtle_bot) by extension 'ignore'
[0.637s] Level 1:colcon.colcon_core.package_identification:_identify(my_turtle_bot) by extension 'ignore_ament_install'
[0.637s] Level 1:colcon.colcon_core.package_identification:_identify(my_turtle_bot) by extensions ['colcon_pkg']
[0.637s] Level 1:colcon.colcon_core.package_identification:_identify(my_turtle_bot) by extension 'colcon_pkg'
[0.637s] Level 1:colcon.colcon_core.package_identification:_identify(my_turtle_bot) by extensions ['colcon_meta']
[0.638s] Level 1:colcon.colcon_core.package_identification:_identify(my_turtle_bot) by extension 'colcon_meta'
[0.638s] Level 1:colcon.colcon_core.package_identification:_identify(my_turtle_bot) by extensions ['ros']
[0.638s] Level 1:colcon.colcon_core.package_identification:_identify(my_turtle_bot) by extension 'ros'
[0.645s] DEBUG:colcon.colcon_core.package_identification:Package 'my_turtle_bot' with type 'ros.ament_python' and name 'my_turtle_bot'
[0.645s] Level 1:colcon.colcon_core.package_discovery:discover_packages(recursive) using defaults
[0.646s] Level 1:colcon.colcon_core.package_discovery:discover_packages(ignore) discover
[0.646s] Level 1:colcon.colcon_core.package_discovery:discover_packages(ignore) using defaults
[0.646s] Level 1:colcon.colcon_core.package_discovery:discover_packages(path) discover
[0.646s] Level 1:colcon.colcon_core.package_discovery:discover_packages(path) using defaults
[0.712s] Level 5:colcon.colcon_core.verb:set package 'my_turtle_bot' build argument 'cmake_args' from command line to 'None'
[0.712s] Level 5:colcon.colcon_core.verb:set package 'my_turtle_bot' build argument 'cmake_target' from command line to 'None'
[0.712s] Level 5:colcon.colcon_core.verb:set package 'my_turtle_bot' build argument 'cmake_target_skip_unavailable' from command line to 'False'
[0.712s] Level 5:colcon.colcon_core.verb:set package 'my_turtle_bot' build argument 'cmake_clean_cache' from command line to 'False'
[0.712s] Level 5:colcon.colcon_core.verb:set package 'my_turtle_bot' build argument 'cmake_clean_first' from command line to 'False'
[0.712s] Level 5:colcon.colcon_core.verb:set package 'my_turtle_bot' build argument 'cmake_force_configure' from command line to 'False'
[0.712s] Level 5:colcon.colcon_core.verb:set package 'my_turtle_bot' build argument 'ament_cmake_args' from command line to 'None'
[0.712s] Level 5:colcon.colcon_core.verb:set package 'my_turtle_bot' build argument 'catkin_cmake_args' from command line to 'None'
[0.712s] Level 5:colcon.colcon_core.verb:set package 'my_turtle_bot' build argument 'catkin_skip_building_tests' from command line to 'False'
[0.712s] DEBUG:colcon.colcon_core.verb:Building package 'my_turtle_bot' with the following arguments: {'ament_cmake_args': None, 'build_base': '/root/ros2_ws/src/build/my_turtle_bot', 'catkin_cmake_args': None, 'catkin_skip_building_tests': False, 'cmake_args': None, 'cmake_clean_cache': False, 'cmake_clean_first': False, 'cmake_force_configure': False, 'cmake_target': None, 'cmake_target_skip_unavailable': False, 'install_base': '/root/ros2_ws/src/install/my_turtle_bot', 'merge_install': False, 'path': '/root/ros2_ws/src/my_turtle_bot', 'symlink_install': False, 'test_result_base': None}
[0.715s] INFO:colcon.colcon_core.executor:Executing jobs using 'parallel' executor
[0.733s] DEBUG:colcon.colcon_parallel_executor.executor.parallel:run_until_complete
[0.733s] INFO:colcon.colcon_ros.task.ament_python.build:Building ROS package in '/root/ros2_ws/src/my_turtle_bot' with build type 'ament_python'
[0.733s] Level 1:colcon.colcon_core.shell:create_environment_hook('my_turtle_bot', 'ament_prefix_path')
[0.772s] INFO:colcon.colcon_core.plugin_system:Skipping extension 'colcon_core.shell.bat': Not used on non-Windows systems
[0.772s] INFO:colcon.colcon_core.shell:Creating environment hook '/root/ros2_ws/src/install/my_turtle_bot/share/my_turtle_bot/hook/ament_prefix_path.ps1'
[0.773s] INFO:colcon.colcon_core.shell:Creating environment descriptor '/root/ros2_ws/src/install/my_turtle_bot/share/my_turtle_bot/hook/ament_prefix_path.dsv'
[0.774s] INFO:colcon.colcon_core.shell:Creating environment hook '/root/ros2_ws/src/install/my_turtle_bot/share/my_turtle_bot/hook/ament_prefix_path.sh'
[0.777s] INFO:colcon.colcon_core.shell:Skip shell extension 'powershell' for command environment: Not usable outside of PowerShell
[0.778s] DEBUG:colcon.colcon_core.shell:Skip shell extension 'dsv' for command environment
[1.408s] INFO:colcon.colcon_core.task.python.build:Building Python package in '/root/ros2_ws/src/my_turtle_bot'
[1.412s] INFO:colcon.colcon_core.shell:Skip shell extension 'powershell' for command environment: Not usable outside of PowerShell
[1.412s] DEBUG:colcon.colcon_core.shell:Skip shell extension 'dsv' for command environment
[2.529s] DEBUG:colcon.colcon_core.event_handler.log_command:Invoking command in '/root/ros2_ws/src/my_turtle_bot': PYTHONPATH=/root/ros2_ws/src/install/my_turtle_bot/lib/python3.8/site-packages:${PYTHONPATH} /usr/bin/python3 setup.py egg_info --egg-base ../build/my_turtle_bot build --build-base /root/ros2_ws/src/build/my_turtle_bot/build install --prefix /root/ros2_ws/src/install/my_turtle_bot --record /root/ros2_ws/src/build/my_turtle_bot/install.log --single-version-externally-managed
[3.432s] DEBUG:colcon.colcon_core.event_handler.log_command:Invoked command in '/root/ros2_ws/src/my_turtle_bot' returned '0': PYTHONPATH=/root/ros2_ws/src/install/my_turtle_bot/lib/python3.8/site-packages:${PYTHONPATH} /usr/bin/python3 setup.py egg_info --egg-base ../build/my_turtle_bot build --build-base /root/ros2_ws/src/build/my_turtle_bot/build install --prefix /root/ros2_ws/src/install/my_turtle_bot --record /root/ros2_ws/src/build/my_turtle_bot/install.log --single-version-externally-managed
[3.449s] Level 1:colcon.colcon_core.environment:checking '/root/ros2_ws/src/install/my_turtle_bot' for CMake module files
[3.451s] Level 1:colcon.colcon_core.environment:checking '/root/ros2_ws/src/install/my_turtle_bot' for CMake config files
[3.457s] Level 1:colcon.colcon_core.environment:checking '/root/ros2_ws/src/install/my_turtle_bot/lib'
[3.458s] Level 1:colcon.colcon_core.environment:checking '/root/ros2_ws/src/install/my_turtle_bot/bin'
[3.458s] Level 1:colcon.colcon_core.environment:checking '/root/ros2_ws/src/install/my_turtle_bot/lib/pkgconfig/my_turtle_bot.pc'
[3.459s] Level 1:colcon.colcon_core.environment:checking '/root/ros2_ws/src/install/my_turtle_bot/lib/python3.8/site-packages'
[3.459s] Level 1:colcon.colcon_core.shell:create_environment_hook('my_turtle_bot', 'pythonpath')
[3.464s] INFO:colcon.colcon_core.shell:Creating environment hook '/root/ros2_ws/src/install/my_turtle_bot/share/my_turtle_bot/hook/pythonpath.ps1'
[3.465s] INFO:colcon.colcon_core.shell:Creating environment descriptor '/root/ros2_ws/src/install/my_turtle_bot/share/my_turtle_bot/hook/pythonpath.dsv'
[3.466s] INFO:colcon.colcon_core.shell:Creating environment hook '/root/ros2_ws/src/install/my_turtle_bot/share/my_turtle_bot/hook/pythonpath.sh'
[3.467s] Level 1:colcon.colcon_core.environment:checking '/root/ros2_ws/src/install/my_turtle_bot/bin'
[3.467s] Level 1:colcon.colcon_core.environment:create_environment_scripts_only(my_turtle_bot)
[3.470s] INFO:colcon.colcon_core.shell:Creating package script '/root/ros2_ws/src/install/my_turtle_bot/share/my_turtle_bot/package.ps1'
[3.476s] INFO:colcon.colcon_core.shell:Creating package descriptor '/root/ros2_ws/src/install/my_turtle_bot/share/my_turtle_bot/package.dsv'
[3.478s] INFO:colcon.colcon_core.shell:Creating package script '/root/ros2_ws/src/install/my_turtle_bot/share/my_turtle_bot/package.sh'
[3.480s] INFO:colcon.colcon_core.shell:Creating package script '/root/ros2_ws/src/install/my_turtle_bot/share/my_turtle_bot/package.bash'
[3.482s] INFO:colcon.colcon_core.shell:Creating package script '/root/ros2_ws/src/install/my_turtle_bot/share/my_turtle_bot/package.zsh'
[3.484s] Level 1:colcon.colcon_core.environment:create_file_with_runtime_dependencies(/root/ros2_ws/src/install/my_turtle_bot/share/colcon-core/packages/my_turtle_bot)
[3.484s] DEBUG:colcon.colcon_parallel_executor.executor.parallel:closing loop
[3.485s] DEBUG:colcon.colcon_parallel_executor.executor.parallel:loop closed
[3.485s] DEBUG:colcon.colcon_parallel_executor.executor.parallel:run_until_complete finished with '0'
[3.485s] DEBUG:colcon.colcon_core.event_reactor:joining thread
[3.507s] INFO:colcon.colcon_core.plugin_system:Skipping extension 'colcon_notification.desktop_notification.notify_send': Could not find 'notify-send'
[3.508s] INFO:colcon.colcon_core.plugin_system:Skipping extension 'colcon_notification.desktop_notification.terminal_notifier': Not used on non-Darwin systems
[3.508s] INFO:colcon.colcon_core.plugin_system:Skipping extension 'colcon_notification.desktop_notification.win32': Not used on non-Windows systems
[3.508s] INFO:colcon.colcon_notification.desktop_notification:Sending desktop notification using 'notify2'
[3.511s] DEBUG:colcon.colcon_notification.desktop_notification.notify2:Failed to initialize notify2: org.freedesktop.DBus.Error.Spawn.ExecFailed: /usr/bin/dbus-launch terminated abnormally without any error message
[3.512s] DEBUG:colcon.colcon_core.event_reactor:joined thread
[3.518s] INFO:colcon.colcon_core.shell:Creating prefix script '/root/ros2_ws/src/install/local_setup.ps1'
[3.523s] INFO:colcon.colcon_core.shell:Creating prefix util module '/root/ros2_ws/src/install/_local_setup_util_ps1.py'
[3.527s] INFO:colcon.colcon_core.shell:Creating prefix chain script '/root/ros2_ws/src/install/setup.ps1'
[3.532s] INFO:colcon.colcon_core.shell:Creating prefix script '/root/ros2_ws/src/install/local_setup.sh'
[3.533s] INFO:colcon.colcon_core.shell:Creating prefix util module '/root/ros2_ws/src/install/_local_setup_util_sh.py'
[3.537s] INFO:colcon.colcon_core.shell:Creating prefix chain script '/root/ros2_ws/src/install/setup.sh'
[3.543s] INFO:colcon.colcon_core.shell:Creating prefix script '/root/ros2_ws/src/install/local_setup.bash'
[3.545s] INFO:colcon.colcon_core.shell:Creating prefix chain script '/root/ros2_ws/src/install/setup.bash'
[3.550s] INFO:colcon.colcon_core.shell:Creating prefix script '/root/ros2_ws/src/install/local_setup.zsh'
[3.552s] INFO:colcon.colcon_core.shell:Creating prefix chain script '/root/ros2_ws/src/install/setup.zsh'
