[1.891s] Invoking command in '/root/ros2_ws/src/my_turtle_bot': PYTHONPATH=/root/ros2_ws/src/install/my_turtle_bot/lib/python3.8/site-packages:${PYTHONPATH} /usr/bin/python3 setup.py egg_info --egg-base ../build/my_turtle_bot build --build-base /root/ros2_ws/src/build/my_turtle_bot/build install --prefix /root/ros2_ws/src/install/my_turtle_bot --record /root/ros2_ws/src/build/my_turtle_bot/install.log --single-version-externally-managed
[2.481s] running egg_info
[2.483s] writing ../build/my_turtle_bot/my_turtle_bot.egg-info/PKG-INFO
[2.483s] writing dependency_links to ../build/my_turtle_bot/my_turtle_bot.egg-info/dependency_links.txt
[2.484s] writing entry points to ../build/my_turtle_bot/my_turtle_bot.egg-info/entry_points.txt
[2.485s] writing requirements to ../build/my_turtle_bot/my_turtle_bot.egg-info/requires.txt
[2.485s] writing top-level names to ../build/my_turtle_bot/my_turtle_bot.egg-info/top_level.txt
[2.599s] reading manifest file '../build/my_turtle_bot/my_turtle_bot.egg-info/SOURCES.txt'
[2.602s] writing manifest file '../build/my_turtle_bot/my_turtle_bot.egg-info/SOURCES.txt'
[2.602s] running build
[2.602s] running build_py
[2.602s] copying my_turtle_bot/avoidance.py -> /root/ros2_ws/src/build/my_turtle_bot/build/lib/my_turtle_bot
[2.603s] running install
[2.605s] running install_lib
[2.607s] copying /root/ros2_ws/src/build/my_turtle_bot/build/lib/my_turtle_bot/avoidance.py -> /root/ros2_ws/src/install/my_turtle_bot/lib/python3.8/site-packages/my_turtle_bot
[2.610s] byte-compiling /root/ros2_ws/src/install/my_turtle_bot/lib/python3.8/site-packages/my_turtle_bot/avoidance.py to avoidance.cpython-38.pyc
[2.615s] running install_data
[2.616s] running install_egg_info
[2.619s] removing '/root/ros2_ws/src/install/my_turtle_bot/lib/python3.8/site-packages/my_turtle_bot-0.0.0-py3.8.egg-info' (and everything under it)
[2.619s] Copying ../build/my_turtle_bot/my_turtle_bot.egg-info to /root/ros2_ws/src/install/my_turtle_bot/lib/python3.8/site-packages/my_turtle_bot-0.0.0-py3.8.egg-info
[2.621s] running install_scripts
[2.665s] Installing avoidance script to /root/ros2_ws/src/install/my_turtle_bot/lib/my_turtle_bot
[2.666s] Installing obstacle_avoidance script to /root/ros2_ws/src/install/my_turtle_bot/lib/my_turtle_bot
[2.666s] writing list of installed files to '/root/ros2_ws/src/build/my_turtle_bot/install.log'
[2.715s] Invoked command in '/root/ros2_ws/src/my_turtle_bot' returned '0': PYTHONPATH=/root/ros2_ws/src/install/my_turtle_bot/lib/python3.8/site-packages:${PYTHONPATH} /usr/bin/python3 setup.py egg_info --egg-base ../build/my_turtle_bot build --build-base /root/ros2_ws/src/build/my_turtle_bot/build install --prefix /root/ros2_ws/src/install/my_turtle_bot --record /root/ros2_ws/src/build/my_turtle_bot/install.log --single-version-externally-managed
