[1.560s] Invoking command in '/root/ros2_ws/src/my_turtle_bot': PYTHONPATH=/root/ros2_ws/src/install/my_turtle_bot/lib/python3.8/site-packages:${PYTHONPATH} /usr/bin/python3 setup.py egg_info --egg-base ../build/my_turtle_bot build --build-base /root/ros2_ws/src/build/my_turtle_bot/build install --prefix /root/ros2_ws/src/install/my_turtle_bot --record /root/ros2_ws/src/build/my_turtle_bot/install.log --single-version-externally-managed
[2.077s] running egg_info
[2.078s] writing ../build/my_turtle_bot/my_turtle_bot.egg-info/PKG-INFO
[2.079s] writing dependency_links to ../build/my_turtle_bot/my_turtle_bot.egg-info/dependency_links.txt
[2.080s] writing entry points to ../build/my_turtle_bot/my_turtle_bot.egg-info/entry_points.txt
[2.080s] writing requirements to ../build/my_turtle_bot/my_turtle_bot.egg-info/requires.txt
[2.080s] writing top-level names to ../build/my_turtle_bot/my_turtle_bot.egg-info/top_level.txt
[2.182s] reading manifest file '../build/my_turtle_bot/my_turtle_bot.egg-info/SOURCES.txt'
[2.185s] writing manifest file '../build/my_turtle_bot/my_turtle_bot.egg-info/SOURCES.txt'
[2.185s] running build
[2.185s] running build_py
[2.185s] copying my_turtle_bot/avoidance.py -> /root/ros2_ws/src/build/my_turtle_bot/build/lib/my_turtle_bot
[2.185s] running install
[2.187s] running install_lib
[2.189s] copying /root/ros2_ws/src/build/my_turtle_bot/build/lib/my_turtle_bot/avoidance.py -> /root/ros2_ws/src/install/my_turtle_bot/lib/python3.8/site-packages/my_turtle_bot
[2.191s] byte-compiling /root/ros2_ws/src/install/my_turtle_bot/lib/python3.8/site-packages/my_turtle_bot/avoidance.py to avoidance.cpython-38.pyc
[2.199s] running install_data
[2.200s] running install_egg_info
[2.202s] removing '/root/ros2_ws/src/install/my_turtle_bot/lib/python3.8/site-packages/my_turtle_bot-0.0.0-py3.8.egg-info' (and everything under it)
[2.203s] Copying ../build/my_turtle_bot/my_turtle_bot.egg-info to /root/ros2_ws/src/install/my_turtle_bot/lib/python3.8/site-packages/my_turtle_bot-0.0.0-py3.8.egg-info
[2.205s] running install_scripts
[2.245s] Installing avoidance script to /root/ros2_ws/src/install/my_turtle_bot/lib/my_turtle_bot
[2.245s] Installing my_avoidance script to /root/ros2_ws/src/install/my_turtle_bot/lib/my_turtle_bot
[2.245s] writing list of installed files to '/root/ros2_ws/src/build/my_turtle_bot/install.log'
[2.285s] Invoked command in '/root/ros2_ws/src/my_turtle_bot' returned '0': PYTHONPATH=/root/ros2_ws/src/install/my_turtle_bot/lib/python3.8/site-packages:${PYTHONPATH} /usr/bin/python3 setup.py egg_info --egg-base ../build/my_turtle_bot build --build-base /root/ros2_ws/src/build/my_turtle_bot/build install --prefix /root/ros2_ws/src/install/my_turtle_bot --record /root/ros2_ws/src/build/my_turtle_bot/install.log --single-version-externally-managed
