[0.711s] Invoking command in '/root/ros2_ws/src/my_turtle_bot': PYTHONPATH=/root/ros2_ws/src/install/my_turtle_bot/lib/python3.8/site-packages:${PYTHONPATH} /usr/bin/python3 setup.py egg_info --egg-base ../build/my_turtle_bot build --build-base /root/ros2_ws/src/build/my_turtle_bot/build install --prefix /root/ros2_ws/src/install/my_turtle_bot --record /root/ros2_ws/src/build/my_turtle_bot/install.log --single-version-externally-managed
[0.939s] running egg_info
[0.940s] writing ../build/my_turtle_bot/my_turtle_bot.egg-info/PKG-INFO
[0.940s] writing dependency_links to ../build/my_turtle_bot/my_turtle_bot.egg-info/dependency_links.txt
[0.940s] writing entry points to ../build/my_turtle_bot/my_turtle_bot.egg-info/entry_points.txt
[0.941s] writing requirements to ../build/my_turtle_bot/my_turtle_bot.egg-info/requires.txt
[0.941s] writing top-level names to ../build/my_turtle_bot/my_turtle_bot.egg-info/top_level.txt
[0.988s] reading manifest file '../build/my_turtle_bot/my_turtle_bot.egg-info/SOURCES.txt'
[0.990s] writing manifest file '../build/my_turtle_bot/my_turtle_bot.egg-info/SOURCES.txt'
[0.990s] running build
[0.990s] running build_py
[0.990s] copying my_turtle_bot/my_avoidance.py -> /root/ros2_ws/src/build/my_turtle_bot/build/lib/my_turtle_bot
[0.991s] running install
[0.991s] running install_lib
[0.993s] copying /root/ros2_ws/src/build/my_turtle_bot/build/lib/my_turtle_bot/my_avoidance.py -> /root/ros2_ws/src/install/my_turtle_bot/lib/python3.8/site-packages/my_turtle_bot
[0.993s] byte-compiling /root/ros2_ws/src/install/my_turtle_bot/lib/python3.8/site-packages/my_turtle_bot/my_avoidance.py to my_avoidance.cpython-38.pyc
[0.995s] running install_data
[0.996s] running install_egg_info
[0.998s] removing '/root/ros2_ws/src/install/my_turtle_bot/lib/python3.8/site-packages/my_turtle_bot-0.0.0-py3.8.egg-info' (and everything under it)
[0.998s] Copying ../build/my_turtle_bot/my_turtle_bot.egg-info to /root/ros2_ws/src/install/my_turtle_bot/lib/python3.8/site-packages/my_turtle_bot-0.0.0-py3.8.egg-info
[0.999s] running install_scripts
[1.019s] Installing avoidance script to /root/ros2_ws/src/install/my_turtle_bot/lib/my_turtle_bot
[1.019s] Installing my_avoidance script to /root/ros2_ws/src/install/my_turtle_bot/lib/my_turtle_bot
[1.020s] writing list of installed files to '/root/ros2_ws/src/build/my_turtle_bot/install.log'
[1.040s] Invoked command in '/root/ros2_ws/src/my_turtle_bot' returned '0': PYTHONPATH=/root/ros2_ws/src/install/my_turtle_bot/lib/python3.8/site-packages:${PYTHONPATH} /usr/bin/python3 setup.py egg_info --egg-base ../build/my_turtle_bot build --build-base /root/ros2_ws/src/build/my_turtle_bot/build install --prefix /root/ros2_ws/src/install/my_turtle_bot --record /root/ros2_ws/src/build/my_turtle_bot/install.log --single-version-externally-managed
