[0.868s] Invoking command in '/root/ros2_ws/src/my_turtle_bot': PYTHONPATH=/root/ros2_ws/src/install/my_turtle_bot/lib/python3.8/site-packages:${PYTHONPATH} /usr/bin/python3 setup.py egg_info --egg-base ../build/my_turtle_bot build --build-base /root/ros2_ws/src/build/my_turtle_bot/build install --prefix /root/ros2_ws/src/install/my_turtle_bot --record /root/ros2_ws/src/build/my_turtle_bot/install.log --single-version-externally-managed
[1.111s] running egg_info
[1.112s] writing ../build/my_turtle_bot/my_turtle_bot.egg-info/PKG-INFO
[1.112s] writing dependency_links to ../build/my_turtle_bot/my_turtle_bot.egg-info/dependency_links.txt
[1.112s] writing entry points to ../build/my_turtle_bot/my_turtle_bot.egg-info/entry_points.txt
[1.112s] writing requirements to ../build/my_turtle_bot/my_turtle_bot.egg-info/requires.txt
[1.113s] writing top-level names to ../build/my_turtle_bot/my_turtle_bot.egg-info/top_level.txt
[1.170s] reading manifest file '../build/my_turtle_bot/my_turtle_bot.egg-info/SOURCES.txt'
[1.171s] writing manifest file '../build/my_turtle_bot/my_turtle_bot.egg-info/SOURCES.txt'
[1.171s] running build
[1.171s] running build_py
[1.172s] copying my_turtle_bot/my_avoidance.py -> /root/ros2_ws/src/build/my_turtle_bot/build/lib/my_turtle_bot
[1.172s] running install
[1.173s] running install_lib
[1.173s] copying /root/ros2_ws/src/build/my_turtle_bot/build/lib/my_turtle_bot/my_avoidance.py -> /root/ros2_ws/src/install/my_turtle_bot/lib/python3.8/site-packages/my_turtle_bot
[1.174s] byte-compiling /root/ros2_ws/src/install/my_turtle_bot/lib/python3.8/site-packages/my_turtle_bot/my_avoidance.py to my_avoidance.cpython-38.pyc
[1.176s] running install_data
[1.176s] running install_egg_info
[1.178s] removing '/root/ros2_ws/src/install/my_turtle_bot/lib/python3.8/site-packages/my_turtle_bot-0.0.0-py3.8.egg-info' (and everything under it)
[1.179s] Copying ../build/my_turtle_bot/my_turtle_bot.egg-info to /root/ros2_ws/src/install/my_turtle_bot/lib/python3.8/site-packages/my_turtle_bot-0.0.0-py3.8.egg-info
[1.181s] running install_scripts
[1.199s] Installing avoidance script to /root/ros2_ws/src/install/my_turtle_bot/lib/my_turtle_bot
[1.200s] Installing my_avoidance script to /root/ros2_ws/src/install/my_turtle_bot/lib/my_turtle_bot
[1.200s] writing list of installed files to '/root/ros2_ws/src/build/my_turtle_bot/install.log'
[1.222s] Invoked command in '/root/ros2_ws/src/my_turtle_bot' returned '0': PYTHONPATH=/root/ros2_ws/src/install/my_turtle_bot/lib/python3.8/site-packages:${PYTHONPATH} /usr/bin/python3 setup.py egg_info --egg-base ../build/my_turtle_bot build --build-base /root/ros2_ws/src/build/my_turtle_bot/build install --prefix /root/ros2_ws/src/install/my_turtle_bot --record /root/ros2_ws/src/build/my_turtle_bot/install.log --single-version-externally-managed
