[1.893s] Invoking command in '/root/ros2_ws/src/my_turtle_bot': PYTHONPATH=/root/ros2_ws/src/install/my_turtle_bot/lib/python3.8/site-packages:${PYTHONPATH} /usr/bin/python3 setup.py egg_info --egg-base ../build/my_turtle_bot build --build-base /root/ros2_ws/src/build/my_turtle_bot/build install --prefix /root/ros2_ws/src/install/my_turtle_bot --record /root/ros2_ws/src/build/my_turtle_bot/install.log --single-version-externally-managed
[2.492s] running egg_info
[2.494s] writing ../build/my_turtle_bot/my_turtle_bot.egg-info/PKG-INFO
[2.494s] writing dependency_links to ../build/my_turtle_bot/my_turtle_bot.egg-info/dependency_links.txt
[2.495s] writing entry points to ../build/my_turtle_bot/my_turtle_bot.egg-info/entry_points.txt
[2.495s] writing requirements to ../build/my_turtle_bot/my_turtle_bot.egg-info/requires.txt
[2.496s] writing top-level names to ../build/my_turtle_bot/my_turtle_bot.egg-info/top_level.txt
[2.607s] reading manifest file '../build/my_turtle_bot/my_turtle_bot.egg-info/SOURCES.txt'
[2.608s] writing manifest file '../build/my_turtle_bot/my_turtle_bot.egg-info/SOURCES.txt'
[2.609s] running build
[2.609s] running build_py
[2.611s] copying my_turtle_bot/avoidance.py -> /root/ros2_ws/src/build/my_turtle_bot/build/lib/my_turtle_bot
[2.611s] running install
[2.611s] running install_lib
[2.614s] copying /root/ros2_ws/src/build/my_turtle_bot/build/lib/my_turtle_bot/avoidance.py -> /root/ros2_ws/src/install/my_turtle_bot/lib/python3.8/site-packages/my_turtle_bot
[2.617s] byte-compiling /root/ros2_ws/src/install/my_turtle_bot/lib/python3.8/site-packages/my_turtle_bot/avoidance.py to avoidance.cpython-38.pyc
[2.626s] running install_data
[2.627s] running install_egg_info
[2.630s] removing '/root/ros2_ws/src/install/my_turtle_bot/lib/python3.8/site-packages/my_turtle_bot-0.0.0-py3.8.egg-info' (and everything under it)
[2.631s] Copying ../build/my_turtle_bot/my_turtle_bot.egg-info to /root/ros2_ws/src/install/my_turtle_bot/lib/python3.8/site-packages/my_turtle_bot-0.0.0-py3.8.egg-info
[2.634s] running install_scripts
[2.686s] Installing avoidance script to /root/ros2_ws/src/install/my_turtle_bot/lib/my_turtle_bot
[2.687s] Installing my_avoidance script to /root/ros2_ws/src/install/my_turtle_bot/lib/my_turtle_bot
[2.687s] writing list of installed files to '/root/ros2_ws/src/build/my_turtle_bot/install.log'
[2.744s] Invoked command in '/root/ros2_ws/src/my_turtle_bot' returned '0': PYTHONPATH=/root/ros2_ws/src/install/my_turtle_bot/lib/python3.8/site-packages:${PYTHONPATH} /usr/bin/python3 setup.py egg_info --egg-base ../build/my_turtle_bot build --build-base /root/ros2_ws/src/build/my_turtle_bot/build install --prefix /root/ros2_ws/src/install/my_turtle_bot --record /root/ros2_ws/src/build/my_turtle_bot/install.log --single-version-externally-managed
