running egg_info
writing ../build/my_turtle_bot/my_turtle_bot.egg-info/PKG-INFO
writing dependency_links to ../build/my_turtle_bot/my_turtle_bot.egg-info/dependency_links.txt
writing entry points to ../build/my_turtle_bot/my_turtle_bot.egg-info/entry_points.txt
writing requirements to ../build/my_turtle_bot/my_turtle_bot.egg-info/requires.txt
writing top-level names to ../build/my_turtle_bot/my_turtle_bot.egg-info/top_level.txt
reading manifest file '../build/my_turtle_bot/my_turtle_bot.egg-info/SOURCES.txt'
writing manifest file '../build/my_turtle_bot/my_turtle_bot.egg-info/SOURCES.txt'
running build
running build_py
copying my_turtle_bot/my_avoidance.py -> /root/ros2_ws/src/build/my_turtle_bot/build/lib/my_turtle_bot
running install
running install_lib
copying /root/ros2_ws/src/build/my_turtle_bot/build/lib/my_turtle_bot/my_avoidance.py -> /root/ros2_ws/src/install/my_turtle_bot/lib/python3.8/site-packages/my_turtle_bot
byte-compiling /root/ros2_ws/src/install/my_turtle_bot/lib/python3.8/site-packages/my_turtle_bot/my_avoidance.py to my_avoidance.cpython-38.pyc
running install_data
running install_egg_info
removing '/root/ros2_ws/src/install/my_turtle_bot/lib/python3.8/site-packages/my_turtle_bot-0.0.0-py3.8.egg-info' (and everything under it)
Copying ../build/my_turtle_bot/my_turtle_bot.egg-info to /root/ros2_ws/src/install/my_turtle_bot/lib/python3.8/site-packages/my_turtle_bot-0.0.0-py3.8.egg-info
running install_scripts
Installing avoidance script to /root/ros2_ws/src/install/my_turtle_bot/lib/my_turtle_bot
Installing my_avoidance script to /root/ros2_ws/src/install/my_turtle_bot/lib/my_turtle_bot
writing list of installed files to '/root/ros2_ws/src/build/my_turtle_bot/install.log'
